# JRE version: OpenJDK Runtime Environment Temurin-25.0.2+10 (25.0.2+10) (build 25.0.2+10-LTS)
# Java VM: OpenJDK 64-Bit Server VM Temurin-25.0.2+10 (25.0.2+10-LTS, mixed mode, sharing, tiered, compressed class ptrs, z gc, windows-amd64)
GC Precious Log:
 NUMA Support: Disabled
 CPUs: 8 total, 8 available
 Memory: 16190M
 Large Page Support: Disabled
 Address Space Size: limited (137434239896K)
 Reserved Space: limit 4096G, desired 32G, requested 32G
 Reserved Space Type: Contiguous/Unrestricted/Complete
 Reserved Space Size: 32G
 Min Capacity: 100M
 Initial Capacity: 100M
 Max Capacity: 2048M
 Soft Max Capacity: 2048M
 Page Size Medium: Range [4M, 32M]
 Pre-touch: Disabled
 Uncommit: Enabled
 Uncommit Delay: 30s
 GC Workers for Old Generation: 2 (dynamic)
 GC Workers for Young Generation: 2 (dynamic)
 GC Workers Max: 2 (dynamic)
 Runtime Workers: 5
 Forced to lower max partition (0) capacity from 2048M(100%) to 276M(13%)
 Forced to lower max Java heap size from 2048M(100%) to 276M(13%)
Heap:
 ZHeap           used 128M, capacity 276M, max capacity 2048M
  Cache          148M (7)
   size classes  2M (2), 4M (2), 16M (1), 32M (1), 64M (1)
GC Heap Usage History (19 events):
Event: 5.010 {heap Before GC invocations=0 (full 0):
 ZHeap           used 82M, capacity 100M, max capacity 2048M
  Cache          18M (1)
   size classes  16M (1)
}
Event: 5.050 {heap After GC invocations=1 (full 1):
 ZHeap           used 52M, capacity 100M, max capacity 2048M
  Cache          48M (3)
   size classes  2M (1), 8M (1), 32M (1)
}
Event: 5.050 {heap Before GC invocations=1 (full 1):
 ZHeap           used 52M, capacity 100M, max capacity 2048M
  Cache          48M (3)
   size classes  2M (1), 8M (1), 32M (1)
}
Event: 5.338 {heap After GC invocations=1 (full 1):
 ZHeap           used 52M, capacity 100M, max capacity 2048M
  Cache          48M (3)
   size classes  2M (1), 8M (1), 32M (1)
}
Event: 8.271 {heap Before GC invocations=1 (full 1):
 ZHeap           used 98M, capacity 100M, max capacity 2048M
  Cache          2M (1)
   size classes  2M (1)
}
Event: 8.350 {heap After GC invocations=2 (full 2):
 ZHeap           used 50M, capacity 100M, max capacity 2048M
  Cache          50M (3)
   size classes  2M (1), 8M (1), 32M (1)
}
Event: 8.350 {heap Before GC invocations=2 (full 2):
 ZHeap           used 50M, capacity 100M, max capacity 2048M
  Cache          50M (3)
   size classes  2M (1), 8M (1), 32M (1)
}
Event: 8.363 {heap After GC invocations=2 (full 2):
 ZHeap           used 50M, capacity 100M, max capacity 2048M
  Cache          50M (3)
   size classes  2M (1), 8M (1), 32M (1)
}
Event: 13.369 {heap Before GC invocations=2 (full 2):
 ZHeap           used 122M, capacity 122M, max capacity 2048M
  Cache          0M (0)
}
Event: 13.425 {heap After GC invocations=3 (full 3):
 ZHeap           used 54M, capacity 126M, max capacity 2048M
  Cache          72M (4)
   size classes  2M (2), 32M (2)
}
Event: 13.425 {heap Before GC invocations=3 (full 3):
 ZHeap           used 54M, capacity 126M, max capacity 2048M
  Cache          72M (4)
   size classes  2M (2), 32M (2)
}
Event: 13.440 {heap After GC invocations=3 (full 3):
 ZHeap           used 54M, capacity 126M, max capacity 2048M
  Cache          72M (4)
   size classes  2M (2), 32M (2)
}
Event: 18.450 {heap Before GC invocations=3 (full 3):
 ZHeap           used 130M, capacity 130M, max capacity 2048M
  Cache          0M (0)
}
Event: 18.531 {heap After GC invocations=4 (full 4):
 ZHeap           used 88M, capacity 194M, max capacity 2048M
  Cache          106M (4)
   size classes  4M (1), 16M (1), 32M (2)
}
Event: 18.531 {heap Before GC invocations=4 (full 4):
 ZHeap           used 88M, capacity 194M, max capacity 2048M
  Cache          106M (4)
   size classes  4M (1), 16M (1), 32M (2)
}
Event: 18.549 {heap After GC invocations=4 (full 4):
 ZHeap           used 88M, capacity 194M, max capacity 2048M
  Cache          106M (4)
   size classes  4M (1), 16M (1), 32M (2)
}
Event: 21.441 {heap Before GC invocations=4 (full 4):
 ZHeap           used 206M, capacity 206M, max capacity 2048M
  Cache          0M (0)
}
Event: 21.614 {heap After GC invocations=5 (full 5):
 ZHeap           used 156M, capacity 276M, max capacity 2048M
  Cache          120M (9)
   size classes  4M (3), 8M (4), 32M (2)
}
Event: 21.614 {heap Before GC invocations=5 (full 5):
 ZHeap           used 156M, capacity 276M, max capacity 2048M
  Cache          120M (9)
   size classes  4M (3), 8M (4), 32M (2)
}

