# JRE version: OpenJDK Runtime Environment Temurin-25.0.2+10 (25.0.2+10) (build 25.0.2+10-LTS)
# Java VM: OpenJDK 64-Bit Server VM Temurin-25.0.2+10 (25.0.2+10-LTS, mixed mode, sharing, tiered, compressed class ptrs, z gc, windows-amd64)
GC Precious Log:
 NUMA Support: Disabled
 CPUs: 8 total, 8 available
 Memory: 16190M
 Large Page Support: Disabled
 Address Space Size: limited (137434238872K)
 Reserved Space: limit 4096G, desired 32G, requested 32G
 Reserved Space Type: Contiguous/Unrestricted/Complete
 Reserved Space Size: 32G
 Min Capacity: 100M
 Initial Capacity: 100M
 Max Capacity: 2048M
 Soft Max Capacity: 2048M
 Page Size Medium: Range [4M, 32M]
 Pre-touch: Disabled
 Uncommit: Enabled
 Uncommit Delay: 30s
 GC Workers for Old Generation: 2 (dynamic)
 GC Workers for Young Generation: 2 (dynamic)
 GC Workers Max: 2 (dynamic)
 Runtime Workers: 5
 Forced to lower max partition (0) capacity from 2048M(100%) to 516M(25%)
 Forced to lower max Java heap size from 2048M(100%) to 516M(25%)
Heap:
 ZHeap           used 266M, capacity 516M, max capacity 2048M
  Cache          250M (9)
   size classes  2M (1), 4M (1), 8M (1), 16M (2), 32M (3), 64M (1)
GC Heap Usage History (29 events):
Event: 5.002 {heap Before GC invocations=0 (full 0):
 ZHeap           used 58M, capacity 100M, max capacity 2048M
  Cache          42M (1)
   size classes  32M (1)
}
Event: 5.023 {heap After GC invocations=1 (full 1):
 ZHeap           used 44M, capacity 100M, max capacity 2048M
  Cache          56M (2)
   size classes  16M (1), 32M (1)
}
Event: 5.024 {heap Before GC invocations=1 (full 1):
 ZHeap           used 44M, capacity 100M, max capacity 2048M
  Cache          56M (2)
   size classes  16M (1), 32M (1)
}
Event: 5.036 {heap After GC invocations=1 (full 1):
 ZHeap           used 44M, capacity 100M, max capacity 2048M
  Cache          56M (2)
   size classes  16M (1), 32M (1)
}
Event: 10.039 {heap Before GC invocations=1 (full 1):
 ZHeap           used 96M, capacity 100M, max capacity 2048M
  Cache          4M (1)
   size classes  4M (1)
}
Event: 10.076 {heap After GC invocations=2 (full 2):
 ZHeap           used 84M, capacity 168M, max capacity 2048M
  Cache          84M (3)
   size classes  2M (1), 32M (2)
}
Event: 10.076 {heap Before GC invocations=2 (full 2):
 ZHeap           used 84M, capacity 168M, max capacity 2048M
  Cache          84M (3)
   size classes  2M (1), 32M (2)
}
Event: 10.085 {heap After GC invocations=2 (full 2):
 ZHeap           used 86M, capacity 168M, max capacity 2048M
  Cache          82M (2)
   size classes  32M (2)
}
Event: 13.794 {heap Before GC invocations=2 (full 2):
 ZHeap           used 158M, capacity 168M, max capacity 2048M
  Cache          10M (1)
   size classes  8M (1)
}
Event: 13.895 {heap After GC invocations=3 (full 3):
 ZHeap           used 92M, capacity 168M, max capacity 2048M
  Cache          76M (4)
   size classes  2M (2), 32M (2)
}
Event: 13.895 {heap Before GC invocations=3 (full 3):
 ZHeap           used 92M, capacity 168M, max capacity 2048M
  Cache          76M (4)
   size classes  2M (2), 32M (2)
}
Event: 13.912 {heap After GC invocations=3 (full 3):
 ZHeap           used 92M, capacity 168M, max capacity 2048M
  Cache          76M (4)
   size classes  2M (2), 32M (2)
}
Event: 18.917 {heap Before GC invocations=3 (full 3):
 ZHeap           used 156M, capacity 168M, max capacity 2048M
  Cache          12M (2)
   size classes  2M (1), 8M (1)
}
Event: 18.970 {heap After GC invocations=4 (full 4):
 ZHeap           used 88M, capacity 232M, max capacity 2048M
  Cache          144M (5)
   size classes  2M (3), 32M (1), 64M (1)
}
Event: 18.970 {heap Before GC invocations=4 (full 4):
 ZHeap           used 88M, capacity 232M, max capacity 2048M
  Cache          144M (5)
   size classes  2M (3), 32M (1), 64M (1)
}
Event: 18.985 {heap After GC invocations=4 (full 4):
 ZHeap           used 88M, capacity 232M, max capacity 2048M
  Cache          144M (5)
   size classes  2M (3), 32M (1), 64M (1)
}
Event: 23.986 {heap Before GC invocations=4 (full 4):
 ZHeap           used 170M, capacity 232M, max capacity 2048M
  Cache          62M (1)
   size classes  32M (1)
}
Event: 24.172 {heap After GC invocations=5 (full 5):
 ZHeap           used 134M, capacity 264M, max capacity 2048M
  Cache          130M (7)
   size classes  2M (4), 16M (1), 32M (2)
}
Event: 24.172 {heap Before GC invocations=5 (full 5):
 ZHeap           used 134M, capacity 264M, max capacity 2048M
  Cache          130M (7)
   size classes  2M (4), 16M (1), 32M (2)
}
Event: 24.191 {heap After GC invocations=5 (full 5):
 ZHeap           used 136M, capacity 264M, max capacity 2048M
  Cache          128M (6)
   size classes  2M (3), 16M (1), 32M (2)
}
Event: 28.747 {heap Before GC invocations=5 (full 5):
 ZHeap           used 206M, capacity 264M, max capacity 2048M
  Cache          58M (2)
   size classes  4M (1), 32M (1)
}
Event: 28.866 {heap After GC invocations=6 (full 6):
 ZHeap           used 190M, capacity 328M, max capacity 2048M
  Cache          138M (10)
   size classes  2M (3), 4M (2), 8M (3), 32M (2)
}
Event: 28.866 {heap Before GC invocations=6 (full 6):
 ZHeap           used 190M, capacity 328M, max capacity 2048M
  Cache          138M (10)
   size classes  2M (3), 4M (2), 8M (3), 32M (2)
}
Event: 28.911 {heap After GC invocations=6 (full 6):
 ZHeap           used 196M, capacity 328M, max capacity 2048M
  Cache          132M (8)
   size classes  2M (2), 4M (1), 8M (3), 32M (2)
}
Event: 31.740 {heap Before GC invocations=6 (full 6):
 ZHeap           used 410M, capacity 410M, max capacity 2048M
  Cache          0M (0)
}
Event: 31.833 {heap After GC invocations=7 (full 7):
 ZHeap           used 194M, capacity 420M, max capacity 2048M
  Cache          226M (15)
   size classes  2M (7), 4M (2), 8M (2), 16M (1), 32M (2), 64M (1)
}
Event: 31.833 {heap Before GC invocations=7 (full 7):
 ZHeap           used 194M, capacity 420M, max capacity 2048M
  Cache          226M (15)
   size classes  2M (7), 4M (2), 8M (2), 16M (1), 32M (2), 64M (1)
}
Event: 31.873 {heap After GC invocations=7 (full 7):
 ZHeap           used 192M, capacity 420M, max capacity 2048M
  Cache          228M (11)
   size classes  2M (5), 4M (1), 8M (2), 32M (2), 64M (1)
}
Event: 34.258 {heap Before GC invocations=7 (full 7):
 ZHeap           used 516M, capacity 516M, max capacity 2048M
  Cache          0M (0)
}

