# JRE version: OpenJDK Runtime Environment Temurin-21.0.10+7 (21.0.10+7) (build 21.0.10+7-LTS)
# Java VM: OpenJDK 64-Bit Server VM Temurin-21.0.10+7 (21.0.10+7-LTS, mixed mode, sharing, tiered, compressed oops, compressed class ptrs, g1 gc, windows-amd64)
GC Precious Log:
 CardTable entry size: 512
 Card Set container configuration: InlinePtr #cards 4 size 8 Array Of Cards #cards 16 size 48 Howl #buckets 8 coarsen threshold 3686 Howl Bitmap #cards 512 size 80 coarsen threshold 460 Card regions per heap region 1 cards per card region 4096
 CPUs: 8 total, 8 available
 Memory: 16190M
 Large Page Support: Disabled
 NUMA Support: Disabled
 Compressed Oops: Enabled (Zero based)
 Heap Region Size: 2M
 Heap Min Capacity: 8M
 Heap Initial Capacity: 254M
 Heap Max Capacity: 4048M
 Pre-touch: Disabled
 Parallel Workers: 8
 Concurrent Workers: 2
 Concurrent Refinement Workers: 8
 Periodic GC: Disabled
Heap:
 garbage-first heap   total 14336K, used 3245K [0x0000000703000000, 0x0000000800000000)
  region size 2048K, 1 young (2048K), 0 survivors (0K)
 Metaspace       used 4862K, committed 5120K, reserved 1114112K
  class space    used 567K, committed 704K, reserved 1048576K
GC Heap History (15 events):
Event: 41.927 GC heap before
{Heap before GC invocations=0 (full 0):
 garbage-first heap   total 260096K, used 14336K [0x0000000703000000, 0x0000000800000000)
  region size 2048K, 8 young (16384K), 0 survivors (0K)
 Metaspace       used 4832K, committed 5056K, reserved 1114112K
  class space    used 560K, committed 704K, reserved 1048576K
}
Event: 41.995 GC heap after
{Heap after GC invocations=1 (full 1):
 garbage-first heap   total 40960K, used 3245K [0x0000000703000000, 0x0000000800000000)
  region size 2048K, 0 young (0K), 0 survivors (0K)
 Metaspace       used 4832K, committed 5056K, reserved 1114112K
  class space    used 560K, committed 704K, reserved 1048576K
}
Event: 52.660 GC heap before
{Heap before GC invocations=1 (full 1):
 garbage-first heap   total 40960K, used 3245K [0x0000000703000000, 0x0000000800000000)
  region size 2048K, 1 young (2048K), 0 survivors (0K)
 Metaspace       used 4832K, committed 5056K, reserved 1114112K
  class space    used 560K, committed 704K, reserved 1048576K
}
Event: 52.676 GC heap after
{Heap after GC invocations=2 (full 2):
 garbage-first heap   total 14336K, used 3245K [0x0000000703000000, 0x0000000800000000)
  region size 2048K, 0 young (0K), 0 survivors (0K)
 Metaspace       used 4832K, committed 5056K, reserved 1114112K
  class space    used 560K, committed 704K, reserved 1048576K
}
Event: 63.259 GC heap before
{Heap before GC invocations=2 (full 2):
 garbage-first heap   total 14336K, used 3245K [0x0000000703000000, 0x0000000800000000)
  region size 2048K, 1 young (2048K), 0 survivors (0K)
 Metaspace       used 4832K, committed 5056K, reserved 1114112K
  class space    used 560K, committed 704K, reserved 1048576K
}
Event: 63.284 GC heap after
{Heap after GC invocations=3 (full 3):
 garbage-first heap   total 14336K, used 3245K [0x0000000703000000, 0x0000000800000000)
  region size 2048K, 0 young (0K), 0 survivors (0K)
 Metaspace       used 4832K, committed 5056K, reserved 1114112K
  class space    used 560K, committed 704K, reserved 1048576K
}
Event: 73.854 GC heap before
{Heap before GC invocations=3 (full 3):
 garbage-first heap   total 14336K, used 3245K [0x0000000703000000, 0x0000000800000000)
  region size 2048K, 1 young (2048K), 0 survivors (0K)
 Metaspace       used 4832K, committed 5056K, reserved 1114112K
  class space    used 560K, committed 704K, reserved 1048576K
}
Event: 73.877 GC heap after
{Heap after GC invocations=4 (full 4):
 garbage-first heap   total 14336K, used 3245K [0x0000000703000000, 0x0000000800000000)
  region size 2048K, 0 young (0K), 0 survivors (0K)
 Metaspace       used 4832K, committed 5056K, reserved 1114112K
  class space    used 560K, committed 704K, reserved 1048576K
}
Event: 84.494 GC heap before
{Heap before GC invocations=4 (full 4):
 garbage-first heap   total 14336K, used 3245K [0x0000000703000000, 0x0000000800000000)
  region size 2048K, 1 young (2048K), 0 survivors (0K)
 Metaspace       used 4832K, committed 5056K, reserved 1114112K
  class space    used 560K, committed 704K, reserved 1048576K
}
Event: 84.518 GC heap after
{Heap after GC invocations=5 (full 5):
 garbage-first heap   total 14336K, used 3245K [0x0000000703000000, 0x0000000800000000)
  region size 2048K, 0 young (0K), 0 survivors (0K)
 Metaspace       used 4832K, committed 5056K, reserved 1114112K
  class space    used 560K, committed 704K, reserved 1048576K
}
Event: 95.011 GC heap before
{Heap before GC invocations=5 (full 5):
 garbage-first heap   total 14336K, used 3245K [0x0000000703000000, 0x0000000800000000)
  region size 2048K, 1 young (2048K), 0 survivors (0K)
 Metaspace       used 4832K, committed 5056K, reserved 1114112K
  class space    used 560K, committed 704K, reserved 1048576K
}
Event: 95.032 GC heap after
{Heap after GC invocations=6 (full 6):
 garbage-first heap   total 14336K, used 3245K [0x0000000703000000, 0x0000000800000000)
  region size 2048K, 0 young (0K), 0 survivors (0K)
 Metaspace       used 4832K, committed 5056K, reserved 1114112K
  class space    used 560K, committed 704K, reserved 1048576K
}
Event: 105.341 GC heap before
{Heap before GC invocations=6 (full 6):
 garbage-first heap   total 14336K, used 3245K [0x0000000703000000, 0x0000000800000000)
  region size 2048K, 1 young (2048K), 0 survivors (0K)
 Metaspace       used 4832K, committed 5056K, reserved 1114112K
  class space    used 560K, committed 704K, reserved 1048576K
}
Event: 105.355 GC heap after
{Heap after GC invocations=7 (full 7):
 garbage-first heap   total 14336K, used 3245K [0x0000000703000000, 0x0000000800000000)
  region size 2048K, 0 young (0K), 0 survivors (0K)
 Metaspace       used 4832K, committed 5056K, reserved 1114112K
  class space    used 560K, committed 704K, reserved 1048576K
}
Event: 115.475 GC heap before
{Heap before GC invocations=7 (full 7):
 garbage-first heap   total 14336K, used 3245K [0x0000000703000000, 0x0000000800000000)
  region size 2048K, 1 young (2048K), 0 survivors (0K)
 Metaspace       used 4862K, committed 5120K, reserved 1114112K
  class space    used 567K, committed 704K, reserved 1048576K
}

