# JRE version: OpenJDK Runtime Environment Temurin-25.0.2+10 (25.0.2+10) (build 25.0.2+10-LTS)
# Java VM: OpenJDK 64-Bit Server VM Temurin-25.0.2+10 (25.0.2+10-LTS, mixed mode, sharing, tiered, compressed class ptrs, z gc, windows-amd64)
GC Precious Log:
 NUMA Support: Disabled
 CPUs: 8 total, 8 available
 Memory: 16190M
 Large Page Support: Disabled
 Address Space Size: limited (137434238872K)
 Reserved Space: limit 4096G, desired 32G, requested 32G
 Reserved Space Type: Contiguous/Unrestricted/Complete
 Reserved Space Size: 32G
 Min Capacity: 100M
 Initial Capacity: 100M
 Max Capacity: 2048M
 Soft Max Capacity: 2048M
 Page Size Medium: Range [4M, 32M]
 Pre-touch: Disabled
 Uncommit: Enabled
 Uncommit Delay: 30s
 GC Workers for Old Generation: 2 (dynamic)
 GC Workers for Young Generation: 2 (dynamic)
 GC Workers Max: 2 (dynamic)
 Runtime Workers: 5
Heap:
 ZHeap           used 322M, capacity 744M, max capacity 2048M
  Cache          422M (4)
   size classes  2M (1), 4M (1), 64M (1), 256M (1)
GC Heap Usage History (64 events):
Event: 5.011 {heap Before GC invocations=0 (full 0):
 ZHeap           used 62M, capacity 100M, max capacity 2048M
  Cache          38M (1)
   size classes  32M (1)
}
Event: 5.033 {heap After GC invocations=1 (full 1):
 ZHeap           used 50M, capacity 100M, max capacity 2048M
  Cache          50M (3)
   size classes  2M (1), 16M (2)
}
Event: 5.033 {heap Before GC invocations=1 (full 1):
 ZHeap           used 50M, capacity 100M, max capacity 2048M
  Cache          50M (3)
   size classes  2M (1), 16M (2)
}
Event: 5.041 {heap After GC invocations=1 (full 1):
 ZHeap           used 52M, capacity 100M, max capacity 2048M
  Cache          48M (2)
   size classes  16M (2)
}
Event: 9.749 {heap Before GC invocations=1 (full 1):
 ZHeap           used 120M, capacity 120M, max capacity 2048M
  Cache          0M (0)
}
Event: 9.843 {heap After GC invocations=2 (full 2):
 ZHeap           used 72M, capacity 160M, max capacity 2048M
  Cache          88M (3)
   size classes  8M (1), 16M (1), 32M (1)
}
Event: 9.843 {heap Before GC invocations=2 (full 2):
 ZHeap           used 72M, capacity 160M, max capacity 2048M
  Cache          88M (3)
   size classes  8M (1), 16M (1), 32M (1)
}
Event: 9.859 {heap After GC invocations=2 (full 2):
 ZHeap           used 72M, capacity 160M, max capacity 2048M
  Cache          88M (3)
   size classes  8M (1), 16M (1), 32M (1)
}
Event: 14.867 {heap Before GC invocations=2 (full 2):
 ZHeap           used 160M, capacity 160M, max capacity 2048M
  Cache          0M (0)
}
Event: 14.929 {heap After GC invocations=3 (full 3):
 ZHeap           used 96M, capacity 216M, max capacity 2048M
  Cache          120M (7)
   size classes  2M (1), 8M (2), 16M (4)
}
Event: 14.929 {heap Before GC invocations=3 (full 3):
 ZHeap           used 96M, capacity 216M, max capacity 2048M
  Cache          120M (7)
   size classes  2M (1), 8M (2), 16M (4)
}
Event: 14.946 {heap After GC invocations=3 (full 3):
 ZHeap           used 96M, capacity 216M, max capacity 2048M
  Cache          120M (7)
   size classes  2M (1), 8M (2), 16M (4)
}
Event: 19.948 {heap Before GC invocations=3 (full 3):
 ZHeap           used 170M, capacity 216M, max capacity 2048M
  Cache          46M (3)
   size classes  4M (1), 16M (2)
}
Event: 20.021 {heap After GC invocations=4 (full 4):
 ZHeap           used 134M, capacity 248M, max capacity 2048M
  Cache          114M (9)
   size classes  2M (3), 8M (2), 16M (4)
}
Event: 20.021 {heap Before GC invocations=4 (full 4):
 ZHeap           used 134M, capacity 248M, max capacity 2048M
  Cache          114M (9)
   size classes  2M (3), 8M (2), 16M (4)
}
Event: 20.054 {heap After GC invocations=4 (full 4):
 ZHeap           used 136M, capacity 248M, max capacity 2048M
  Cache          112M (8)
   size classes  2M (2), 8M (2), 16M (4)
}
Event: 22.432 {heap Before GC invocations=4 (full 4):
 ZHeap           used 206M, capacity 248M, max capacity 2048M
  Cache          42M (3)
   size classes  8M (2), 16M (1)
}
Event: 22.536 {heap After GC invocations=5 (full 5):
 ZHeap           used 126M, capacity 280M, max capacity 2048M
  Cache          154M (9)
   size classes  2M (1), 4M (2), 8M (1), 16M (4), 32M (1)
}
Event: 22.536 {heap Before GC invocations=5 (full 5):
 ZHeap           used 126M, capacity 280M, max capacity 2048M
  Cache          154M (9)
   size classes  2M (1), 4M (2), 8M (1), 16M (4), 32M (1)
}
Event: 22.556 {heap After GC invocations=5 (full 5):
 ZHeap           used 126M, capacity 280M, max capacity 2048M
  Cache          154M (9)
   size classes  2M (1), 4M (2), 8M (1), 16M (4), 32M (1)
}
Event: 26.010 {heap Before GC invocations=5 (full 5):
 ZHeap           used 410M, capacity 410M, max capacity 2048M
  Cache          0M (0)
}
Event: 26.172 {heap After GC invocations=6 (full 6):
 ZHeap           used 88M, capacity 420M, max capacity 2048M
  Cache          332M (5)
   size classes  16M (3), 64M (1), 128M (1)
}
Event: 26.172 {heap Before GC invocations=6 (full 6):
 ZHeap           used 88M, capacity 420M, max capacity 2048M
  Cache          332M (5)
   size classes  16M (3), 64M (1), 128M (1)
}
Event: 26.198 {heap After GC invocations=6 (full 6):
 ZHeap           used 96M, capacity 420M, max capacity 2048M
  Cache          324M (5)
   size classes  16M (3), 64M (1), 128M (1)
}
Event: 31.198 {heap Before GC invocations=6 (full 6):
 ZHeap           used 522M, capacity 522M, max capacity 2048M
  Cache          0M (0)
}
Event: 31.214 {heap After GC invocations=7 (full 7):
 ZHeap           used 68M, capacity 524M, max capacity 2048M
  Cache          456M (9)
   size classes  2M (4), 16M (2), 32M (1), 128M (2)
}
Event: 31.214 {heap Before GC invocations=7 (full 7):
 ZHeap           used 68M, capacity 524M, max capacity 2048M
  Cache          456M (9)
   size classes  2M (4), 16M (2), 32M (1), 128M (2)
}
Event: 31.367 {heap After GC invocations=7 (full 7):
 ZHeap           used 68M, capacity 524M, max capacity 2048M
  Cache          456M (9)
   size classes  2M (4), 16M (2), 32M (1), 128M (2)
}
Event: 36.369 {heap Before GC invocations=7 (full 7):
 ZHeap           used 72M, capacity 524M, max capacity 2048M
  Cache          452M (7)
   size classes  2M (2), 16M (2), 32M (1), 128M (2)
}
Event: 36.384 {heap After GC invocations=8 (full 8):
 ZHeap           used 66M, capacity 524M, max capacity 2048M
  Cache          458M (7)
   size classes  4M (2), 16M (2), 32M (1), 128M (2)
}
Event: 36.384 {heap Before GC invocations=8 (full 8):
 ZHeap           used 66M, capacity 524M, max capacity 2048M
  Cache          458M (7)
   size classes  4M (2), 16M (2), 32M (1), 128M (2)
}
Event: 36.525 {heap After GC invocations=8 (full 8):
 ZHeap           used 68M, capacity 524M, max capacity 2048M
  Cache          456M (7)
   size classes  2M (1), 4M (1), 16M (2), 32M (1), 128M (2)
}
Event: 41.529 {heap Before GC invocations=8 (full 8):
 ZHeap           used 74M, capacity 524M, max capacity 2048M
  Cache          450M (5)
   size classes  16M (2), 32M (1), 128M (2)
}
Event: 41.538 {heap After GC invocations=9 (full 9):
 ZHeap           used 70M, capacity 524M, max capacity 2048M
  Cache          454M (8)
   size classes  2M (2), 4M (1), 16M (3), 128M (2)
}
Event: 41.538 {heap Before GC invocations=9 (full 9):
 ZHeap           used 70M, capacity 524M, max capacity 2048M
  Cache          454M (8)
   size classes  2M (2), 4M (1), 16M (3), 128M (2)
}
Event: 41.710 {heap After GC invocations=9 (full 9):
 ZHeap           used 72M, capacity 524M, max capacity 2048M
  Cache          452M (8)
   size classes  2M (3), 16M (3), 128M (2)
}
Event: 46.711 {heap Before GC invocations=9 (full 9):
 ZHeap           used 82M, capacity 524M, max capacity 2048M
  Cache          442M (5)
   size classes  16M (3), 128M (2)
}
Event: 46.718 {heap After GC invocations=10 (full 10):
 ZHeap           used 70M, capacity 524M, max capacity 2048M
  Cache          454M (8)
   size classes  2M (2), 8M (1), 16M (3), 128M (2)
}
Event: 46.718 {heap Before GC invocations=10 (full 10):
 ZHeap           used 70M, capacity 524M, max capacity 2048M
  Cache          454M (8)
   size classes  2M (2), 8M (1), 16M (3), 128M (2)
}
Event: 46.867 {heap After GC invocations=10 (full 10):
 ZHeap           used 68M, capacity 524M, max capacity 2048M
  Cache          456M (8)
   size classes  2M (1), 4M (1), 8M (1), 16M (3), 128M (2)
}
Event: 51.873 {heap Before GC invocations=10 (full 10):
 ZHeap           used 80M, capacity 524M, max capacity 2048M
  Cache          444M (6)
   size classes  4M (1), 16M (3), 128M (2)
}
Event: 51.880 {heap After GC invocations=11 (full 11):
 ZHeap           used 68M, capacity 524M, max capacity 2048M
  Cache          456M (8)
   size classes  2M (3), 16M (2), 32M (1), 128M (2)
}
Event: 51.880 {heap Before GC invocations=11 (full 11):
 ZHeap           used 68M, capacity 524M, max capacity 2048M
  Cache          456M (8)
   size classes  2M (3), 16M (2), 32M (1), 128M (2)
}
Event: 52.037 {heap After GC invocations=11 (full 11):
 ZHeap           used 74M, capacity 524M, max capacity 2048M
  Cache          450M (5)
   size classes  16M (2), 32M (1), 128M (2)
}
Event: 57.046 {heap Before GC invocations=11 (full 11):
 ZHeap           used 150M, capacity 524M, max capacity 2048M
  Cache          374M (3)
   size classes  4M (1), 128M (2)
}
Event: 57.070 {heap After GC invocations=12 (full 12):
 ZHeap           used 92M, capacity 524M, max capacity 2048M
  Cache          432M (10)
   size classes  2M (4), 4M (1), 8M (1), 16M (2), 128M (2)
}
Event: 57.071 {heap Before GC invocations=12 (full 12):
 ZHeap           used 92M, capacity 524M, max capacity 2048M
  Cache          432M (10)
   size classes  2M (4), 4M (1), 8M (1), 16M (2), 128M (2)
}
Event: 57.233 {heap After GC invocations=12 (full 12):
 ZHeap           used 94M, capacity 524M, max capacity 2048M
  Cache          430M (9)
   size classes  2M (3), 4M (1), 8M (1), 16M (2), 128M (2)
}
Event: 62.245 {heap Before GC invocations=12 (full 12):
 ZHeap           used 126M, capacity 524M, max capacity 2048M
  Cache          398M (7)
   size classes  2M (2), 4M (1), 8M (1), 16M (1), 128M (2)
}
Event: 62.271 {heap After GC invocations=13 (full 13):
 ZHeap           used 74M, capacity 524M, max capacity 2048M
  Cache          450M (11)
   size classes  2M (3), 4M (2), 8M (2), 16M (2), 128M (2)
}
Event: 62.271 {heap Before GC invocations=13 (full 13):
 ZHeap           used 74M, capacity 524M, max capacity 2048M
  Cache          450M (11)
   size classes  2M (3), 4M (2), 8M (2), 16M (2), 128M (2)
}
Event: 62.427 {heap After GC invocations=13 (full 13):
 ZHeap           used 78M, capacity 524M, max capacity 2048M
  Cache          446M (10)
   size classes  2M (3), 4M (1), 8M (2), 16M (2), 128M (2)
}
Event: 67.430 {heap Before GC invocations=13 (full 13):
 ZHeap           used 106M, capacity 524M, max capacity 2048M
  Cache          418M (5)
   size classes  4M (1), 16M (2), 128M (2)
}
Event: 67.465 {heap After GC invocations=14 (full 14):
 ZHeap           used 82M, capacity 524M, max capacity 2048M
  Cache          442M (9)
   size classes  2M (3), 8M (2), 16M (2), 128M (2)
}
Event: 67.465 {heap Before GC invocations=14 (full 14):
 ZHeap           used 82M, capacity 524M, max capacity 2048M
  Cache          442M (9)
   size classes  2M (3), 8M (2), 16M (2), 128M (2)
}
Event: 67.636 {heap After GC invocations=14 (full 14):
 ZHeap           used 86M, capacity 524M, max capacity 2048M
  Cache          438M (7)
   size classes  2M (1), 8M (2), 16M (2), 128M (2)
}
Event: 70.398 {heap Before GC invocations=14 (full 14):
 ZHeap           used 616M, capacity 616M, max capacity 2048M
  Cache          0M (0)
}
Event: 70.441 {heap After GC invocations=15 (full 15):
 ZHeap           used 86M, capacity 620M, max capacity 2048M
  Cache          534M (8)
   size classes  2M (1), 4M (2), 8M (1), 16M (2), 128M (1), 256M (1)
}
Event: 70.441 {heap Before GC invocations=15 (full 15):
 ZHeap           used 86M, capacity 620M, max capacity 2048M
  Cache          534M (8)
   size classes  2M (1), 4M (2), 8M (1), 16M (2), 128M (1), 256M (1)
}
Event: 70.604 {heap After GC invocations=15 (full 15):
 ZHeap           used 122M, capacity 620M, max capacity 2048M
  Cache          498M (4)
   size classes  16M (2), 128M (1), 256M (1)
}
Event: 75.610 {heap Before GC invocations=15 (full 15):
 ZHeap           used 730M, capacity 730M, max capacity 2048M
  Cache          0M (0)
}
Event: 75.952 {heap After GC invocations=16 (full 16):
 ZHeap           used 156M, capacity 744M, max capacity 2048M
  Cache          588M (6)
   size classes  16M (2), 32M (1), 64M (2), 256M (1)
}
Event: 75.952 {heap Before GC invocations=16 (full 16):
 ZHeap           used 156M, capacity 744M, max capacity 2048M
  Cache          588M (6)
   size classes  16M (2), 32M (1), 64M (2), 256M (1)
}
Event: 76.127 {heap After GC invocations=16 (full 16):
 ZHeap           used 168M, capacity 744M, max capacity 2048M
  Cache          576M (6)
   size classes  16M (2), 32M (1), 64M (2), 256M (1)
}

