<?xml version="1.0" encoding="UTF-8"?>
<testsuite xmlns:xsi="http://www.w3.org/2001/XMLSchema-instance" xsi:noNamespaceSchemaLocation="https://maven.apache.org/surefire/maven-surefire-plugin/xsd/surefire-test-report-3.0.xsd" version="3.0" name="com.example.securityjwt.config.JwtTokenProviderTest" time="0.938" tests="4" errors="0" skipped="0" failures="0">
  <properties>
[...]
</properties>
  <testcase name="getAuthoritiesFromToken_shouldReturnEmptyListWhenRolesClaimIsBlank" classname="com.example.securityjwt.config.JwtTokenProviderTest" time="0.824"/>
  <testcase name="generateToken_shouldCreateValidJwtToken" classname="com.example.securityjwt.config.JwtTokenProviderTest" time="0.03"/>
  <testcase name="validateToken_shouldReturnFalseForInvalidToken" classname="com.example.securityjwt.config.JwtTokenProviderTest" time="0.003"/>
  <testcase name="getUsernameFromToken_shouldThrowWhenTokenIsInvalid" classname="com.example.securityjwt.config.JwtTokenProviderTest" time="0.007"/>
</testsuite>